17:58:27,871 INFO  RunnableClass:14 - Tread main was started 
 17:58:27,871 INFO  RunnableClass:14 - Runnable Thread-1 was started 
 17:58:27,886 INFO  RunnableClass:16 - main | 0
 17:58:27,886 INFO  RunnableClass:16 - Thread-1 | 0
 17:58:27,886 INFO  RunnableClass:16 - main | 1
 17:58:27,887 INFO  RunnableClass:16 - Thread-1 | 1
 17:58:27,887 INFO  RunnableClass:16 - main | 2
 17:58:27,890 INFO  RunnableClass:16 - Thread-1 | 2
 17:58:27,891 INFO  RunnableClass:16 - Thread-1 | 3
 17:58:27,891 INFO  RunnableClass:16 - main | 3
 17:58:27,891 INFO  RunnableClass:16 - Thread-1 | 4
 17:58:27,892 INFO  RunnableClass:16 - main | 4
 17:58:27,893 INFO  RunnableClass:16 - Thread-1 | 5
 17:58:27,893 INFO  RunnableClass:16 - main | 5
 17:58:27,894 INFO  RunnableClass:16 - Thread-1 | 6
 17:58:27,894 INFO  RunnableClass:16 - main | 6
 17:58:27,894 INFO  RunnableClass:16 - Thread-1 | 7
 17:58:27,898 INFO  RunnableClass:16 - Thread-1 | 8
 17:58:27,898 INFO  RunnableClass:16 - Thread-1 | 9
 17:58:27,897 INFO  RunnableClass:16 - main | 7
 17:58:27,898 INFO  RunnableClass:16 - Thread-1 | 10
 17:58:27,898 INFO  RunnableClass:16 - main | 8
 17:58:27,899 INFO  RunnableClass:16 - Thread-1 | 11
 17:58:27,900 INFO  RunnableClass:16 - Thread-1 | 12
 17:58:27,899 INFO  RunnableClass:16 - main | 9
 17:58:27,901 INFO  RunnableClass:16 - Thread-1 | 13
 17:58:27,901 INFO  RunnableClass:16 - main | 10
 17:58:27,901 INFO  RunnableClass:16 - Thread-1 | 14
 17:58:27,902 INFO  RunnableClass:16 - main | 11
 17:58:27,902 INFO  RunnableClass:16 - Thread-1 | 15
 17:58:27,902 INFO  RunnableClass:16 - main | 12
 17:58:27,902 INFO  RunnableClass:16 - Thread-1 | 16
 17:58:27,903 INFO  RunnableClass:16 - main | 13
 17:58:27,903 INFO  RunnableClass:16 - Thread-1 | 17
 17:58:27,903 INFO  RunnableClass:16 - main | 14
 17:58:27,903 INFO  RunnableClass:16 - Thread-1 | 18
 17:58:27,904 INFO  RunnableClass:16 - Thread-1 | 19
 17:58:27,904 INFO  RunnableClass:16 - Thread-1 | 20
 17:58:27,905 INFO  RunnableClass:16 - Thread-1 | 21
 17:58:27,905 INFO  RunnableClass:16 - Thread-1 | 22
 17:58:27,905 INFO  RunnableClass:16 - Thread-1 | 23
 17:58:27,906 INFO  RunnableClass:16 - Thread-1 | 24
 17:58:27,906 INFO  RunnableClass:16 - Thread-1 | 25
 17:58:27,906 INFO  RunnableClass:16 - Thread-1 | 26
 17:58:27,907 INFO  RunnableClass:16 - Thread-1 | 27
 17:58:27,907 INFO  RunnableClass:16 - Thread-1 | 28
 17:58:27,908 INFO  RunnableClass:16 - Thread-1 | 29
 17:58:27,903 INFO  RunnableClass:16 - main | 15
 17:58:27,913 INFO  RunnableClass:16 - Thread-1 | 30
 17:58:27,913 INFO  RunnableClass:16 - main | 16
 17:58:27,913 INFO  RunnableClass:16 - Thread-1 | 31
 17:58:27,914 INFO  RunnableClass:16 - main | 17
 17:58:27,915 INFO  RunnableClass:16 - main | 18
 17:58:27,914 INFO  RunnableClass:16 - Thread-1 | 32
 17:58:27,916 INFO  RunnableClass:16 - main | 19
 17:58:27,916 INFO  RunnableClass:16 - Thread-1 | 33
 17:58:27,918 INFO  RunnableClass:16 - Thread-1 | 34
 17:58:27,916 INFO  RunnableClass:16 - main | 20
 17:58:27,919 INFO  RunnableClass:16 - Thread-1 | 35
 17:58:27,920 INFO  RunnableClass:16 - Thread-1 | 36
 17:58:27,919 INFO  RunnableClass:16 - main | 21
 17:58:27,923 INFO  RunnableClass:16 - main | 22
 17:58:27,924 INFO  RunnableClass:16 - main | 23
 17:58:27,926 INFO  RunnableClass:16 - main | 24
 17:58:27,927 INFO  RunnableClass:16 - main | 25
 17:58:27,929 INFO  RunnableClass:16 - main | 26
 17:58:27,929 INFO  RunnableClass:16 - main | 27
 17:58:27,929 INFO  RunnableClass:16 - main | 28
 17:58:27,929 INFO  RunnableClass:16 - main | 29
 17:58:27,922 INFO  RunnableClass:16 - Thread-1 | 37
 17:58:27,931 INFO  RunnableClass:16 - Thread-1 | 38
 17:58:27,932 INFO  RunnableClass:16 - Thread-1 | 39
 17:58:27,933 INFO  RunnableClass:16 - Thread-1 | 40
 17:58:27,930 INFO  RunnableClass:16 - main | 30
 17:58:27,936 INFO  RunnableClass:16 - Thread-1 | 41
 17:58:27,937 INFO  RunnableClass:16 - main | 31
 17:58:27,937 INFO  RunnableClass:16 - Thread-1 | 42
 17:58:27,938 INFO  RunnableClass:16 - Thread-1 | 43
 17:58:27,938 INFO  RunnableClass:16 - Thread-1 | 44
 17:58:27,938 INFO  RunnableClass:16 - Thread-1 | 45
 17:58:27,939 INFO  RunnableClass:16 - Thread-1 | 46
 17:58:27,937 INFO  RunnableClass:16 - main | 32
 17:58:27,939 INFO  RunnableClass:16 - Thread-1 | 47
 17:58:27,939 INFO  RunnableClass:16 - main | 33
 17:58:27,940 INFO  RunnableClass:16 - Thread-1 | 48
 17:58:27,941 INFO  RunnableClass:16 - Thread-1 | 49
 17:58:27,941 INFO  RunnableClass:16 - main | 34
 17:58:27,941 INFO  RunnableClass:16 - Thread-1 | 50
 17:58:27,942 INFO  RunnableClass:16 - main | 35
 17:58:27,942 INFO  RunnableClass:16 - Thread-1 | 51
 17:58:27,942 INFO  RunnableClass:16 - main | 36
 17:58:27,942 INFO  RunnableClass:16 - Thread-1 | 52
 17:58:27,943 INFO  RunnableClass:16 - main | 37
 17:58:27,944 INFO  RunnableClass:16 - Thread-1 | 53
 17:58:27,944 INFO  RunnableClass:16 - main | 38
 17:58:27,944 INFO  RunnableClass:16 - main | 39
 17:58:27,945 INFO  RunnableClass:16 - main | 40
 17:58:27,944 INFO  RunnableClass:16 - Thread-1 | 54
 17:58:27,945 INFO  RunnableClass:16 - Thread-1 | 55
 17:58:27,945 INFO  RunnableClass:16 - main | 41
 17:58:27,945 INFO  RunnableClass:16 - Thread-1 | 56
 17:58:27,946 INFO  RunnableClass:16 - main | 42
 17:58:27,946 INFO  RunnableClass:16 - Thread-1 | 57
 17:58:27,946 INFO  RunnableClass:16 - main | 43
 17:58:27,946 INFO  RunnableClass:16 - Thread-1 | 58
 17:58:27,947 INFO  RunnableClass:16 - Thread-1 | 59
 17:58:27,947 INFO  RunnableClass:16 - main | 44
 17:58:27,947 INFO  RunnableClass:16 - Thread-1 | 60
 17:58:27,948 INFO  RunnableClass:16 - main | 45
 17:58:27,948 INFO  RunnableClass:16 - Thread-1 | 61
 17:58:27,948 INFO  RunnableClass:16 - main | 46
 17:58:27,948 INFO  RunnableClass:16 - Thread-1 | 62
 17:58:27,949 INFO  RunnableClass:16 - main | 47
 17:58:27,949 INFO  RunnableClass:16 - Thread-1 | 63
 17:58:27,949 INFO  RunnableClass:16 - main | 48
 17:58:27,950 INFO  RunnableClass:16 - Thread-1 | 64
 17:58:27,950 INFO  RunnableClass:16 - main | 49
 17:58:27,951 INFO  RunnableClass:16 - main | 50
 17:58:27,950 INFO  RunnableClass:16 - Thread-1 | 65
 17:58:27,952 INFO  RunnableClass:16 - Thread-1 | 66
 17:58:27,952 INFO  RunnableClass:16 - main | 51
 17:58:27,953 INFO  RunnableClass:16 - main | 52
 17:58:27,953 INFO  RunnableClass:16 - Thread-1 | 67
 17:58:27,954 INFO  RunnableClass:16 - Thread-1 | 68
 17:58:27,954 INFO  RunnableClass:16 - Thread-1 | 69
 17:58:27,953 INFO  RunnableClass:16 - main | 53
 17:58:27,955 INFO  RunnableClass:16 - Thread-1 | 70
 17:58:27,958 INFO  RunnableClass:16 - Thread-1 | 71
 17:58:27,958 INFO  RunnableClass:16 - Thread-1 | 72
 17:58:27,957 INFO  RunnableClass:16 - main | 54
 17:58:27,959 INFO  RunnableClass:16 - Thread-1 | 73
 17:58:27,959 INFO  RunnableClass:16 - main | 55
 17:58:27,959 INFO  RunnableClass:16 - Thread-1 | 74
 17:58:27,960 INFO  RunnableClass:16 - main | 56
 17:58:27,960 INFO  RunnableClass:16 - Thread-1 | 75
 17:58:27,960 INFO  RunnableClass:16 - Thread-1 | 76
 17:58:27,960 INFO  RunnableClass:16 - main | 57
 17:58:27,960 INFO  RunnableClass:16 - Thread-1 | 77
 17:58:27,961 INFO  RunnableClass:16 - main | 58
 17:58:27,961 INFO  RunnableClass:16 - Thread-1 | 78
 17:58:27,961 INFO  RunnableClass:16 - Thread-1 | 79
 17:58:27,961 INFO  RunnableClass:16 - main | 59
 17:58:27,962 INFO  RunnableClass:16 - Thread-1 | 80
 17:58:27,962 INFO  RunnableClass:16 - Thread-1 | 81
 17:58:27,962 INFO  RunnableClass:16 - main | 60
 17:58:27,963 INFO  RunnableClass:16 - Thread-1 | 82
 17:58:27,963 INFO  RunnableClass:16 - main | 61
 17:58:27,963 INFO  RunnableClass:16 - Thread-1 | 83
 17:58:27,963 INFO  RunnableClass:16 - main | 62
 17:58:27,963 INFO  RunnableClass:16 - Thread-1 | 84
 17:58:27,963 INFO  RunnableClass:16 - main | 63
 17:58:27,963 INFO  RunnableClass:16 - Thread-1 | 85
 17:58:27,964 INFO  RunnableClass:16 - main | 64
 17:58:27,964 INFO  RunnableClass:16 - main | 65
 17:58:27,964 INFO  RunnableClass:16 - Thread-1 | 86
 17:58:27,965 INFO  RunnableClass:16 - main | 66
 17:58:27,965 INFO  RunnableClass:16 - Thread-1 | 87
 17:58:27,965 INFO  RunnableClass:16 - main | 67
 17:58:27,965 INFO  RunnableClass:16 - Thread-1 | 88
 17:58:27,966 INFO  RunnableClass:16 - main | 68
 17:58:27,966 INFO  RunnableClass:16 - main | 69
 17:58:27,966 INFO  RunnableClass:16 - Thread-1 | 89
 17:58:27,968 INFO  RunnableClass:16 - Thread-1 | 90
 17:58:27,969 INFO  RunnableClass:16 - Thread-1 | 91
 17:58:27,969 INFO  RunnableClass:16 - Thread-1 | 92
 17:58:27,970 INFO  RunnableClass:16 - Thread-1 | 93
 17:58:27,970 INFO  RunnableClass:16 - Thread-1 | 94
 17:58:27,971 INFO  RunnableClass:16 - Thread-1 | 95
 17:58:27,966 INFO  RunnableClass:16 - main | 70
 17:58:27,971 INFO  RunnableClass:16 - main | 71
 17:58:27,971 INFO  RunnableClass:16 - Thread-1 | 96
 17:58:27,972 INFO  RunnableClass:16 - main | 72
 17:58:27,972 INFO  RunnableClass:16 - Thread-1 | 97
 17:58:27,973 INFO  RunnableClass:16 - main | 73
 17:58:27,973 INFO  RunnableClass:16 - Thread-1 | 98
 17:58:27,973 INFO  RunnableClass:16 - main | 74
 17:58:27,973 INFO  RunnableClass:16 - Thread-1 | 99
 17:58:27,974 INFO  RunnableClass:16 - main | 75
 17:58:27,974 INFO  RunnableClass:16 - Thread-1 | 100
 17:58:27,974 INFO  RunnableClass:16 - main | 76
 17:58:27,975 INFO  RunnableClass:18 - Thread-1 was finished
 17:58:27,975 INFO  RunnableClass:16 - main | 77
 17:58:27,975 INFO  RunnableClass:16 - main | 78
 17:58:27,975 INFO  RunnableClass:16 - main | 79
 17:58:27,976 INFO  RunnableClass:16 - main | 80
 17:58:27,976 INFO  RunnableClass:16 - main | 81
 17:58:27,976 INFO  RunnableClass:16 - main | 82
 17:58:27,976 INFO  RunnableClass:16 - main | 83
 17:58:27,977 INFO  RunnableClass:16 - main | 84
 17:58:27,977 INFO  RunnableClass:16 - main | 85
 17:58:27,977 INFO  RunnableClass:16 - main | 86
 17:58:27,977 INFO  RunnableClass:16 - main | 87
 17:58:27,978 INFO  RunnableClass:16 - main | 88
 17:58:27,980 INFO  RunnableClass:16 - main | 89
 17:58:27,980 INFO  RunnableClass:16 - main | 90
 17:58:27,981 INFO  RunnableClass:16 - main | 91
 17:58:27,981 INFO  RunnableClass:16 - main | 92
 17:58:27,981 INFO  RunnableClass:16 - main | 93
 17:58:27,982 INFO  RunnableClass:16 - main | 94
 17:58:27,982 INFO  RunnableClass:16 - main | 95
 17:58:27,982 INFO  RunnableClass:16 - main | 96
 17:58:27,984 INFO  RunnableClass:16 - main | 97
 17:58:27,985 INFO  RunnableClass:16 - main | 98
 17:58:27,985 INFO  RunnableClass:16 - main | 99
 17:58:27,985 INFO  RunnableClass:16 - main | 100
 17:58:27,986 INFO  RunnableClass:18 - main was finished
 17:59:12,935 INFO  RunnableClass:14 - Tread main was started 
 17:59:12,935 INFO  RunnableClass:14 - Runnable Thread-1 was started 
 17:59:12,951 INFO  RunnableClass:16 - Thread-1 | 0
 17:59:12,951 INFO  RunnableClass:16 - Thread-1 | 1
 17:59:12,951 INFO  RunnableClass:16 - Thread-1 | 2
 17:59:12,952 INFO  RunnableClass:16 - Thread-1 | 3
 17:59:12,956 INFO  RunnableClass:16 - Thread-1 | 4
 17:59:12,956 INFO  RunnableClass:16 - Thread-1 | 5
 17:59:12,952 INFO  RunnableClass:16 - main | 0
 17:59:12,956 INFO  RunnableClass:16 - Thread-1 | 6
 17:59:12,957 INFO  RunnableClass:16 - main | 1
 17:59:12,957 INFO  RunnableClass:16 - Thread-1 | 7
 17:59:12,958 INFO  RunnableClass:16 - Thread-1 | 8
 17:59:12,958 INFO  RunnableClass:16 - Thread-1 | 9
 17:59:12,958 INFO  RunnableClass:16 - Thread-1 | 10
 17:59:12,958 INFO  RunnableClass:16 - Thread-1 | 11
 17:59:12,957 INFO  RunnableClass:16 - main | 2
 17:59:12,962 INFO  RunnableClass:16 - main | 3
 17:59:12,961 INFO  RunnableClass:16 - Thread-1 | 12
 17:59:12,962 INFO  RunnableClass:16 - main | 4
 17:59:12,962 INFO  RunnableClass:16 - Thread-1 | 13
 17:59:12,962 INFO  RunnableClass:16 - main | 5
 17:59:12,963 INFO  RunnableClass:16 - Thread-1 | 14
 17:59:12,963 INFO  RunnableClass:16 - main | 6
 17:59:12,963 INFO  RunnableClass:16 - Thread-1 | 15
 17:59:12,963 INFO  RunnableClass:16 - Thread-1 | 16
 17:59:12,964 INFO  RunnableClass:16 - Thread-1 | 17
 17:59:12,964 INFO  RunnableClass:16 - Thread-1 | 18
 17:59:12,965 INFO  RunnableClass:16 - Thread-1 | 19
 17:59:12,963 INFO  RunnableClass:16 - main | 7
 17:59:12,965 INFO  RunnableClass:16 - Thread-1 | 20
 17:59:12,965 INFO  RunnableClass:16 - main | 8
 17:59:12,966 INFO  RunnableClass:16 - Thread-1 | 21
 17:59:12,966 INFO  RunnableClass:16 - main | 9
 17:59:12,966 INFO  RunnableClass:16 - Thread-1 | 22
 17:59:12,966 INFO  RunnableClass:16 - main | 10
 17:59:12,966 INFO  RunnableClass:16 - Thread-1 | 23
 17:59:12,966 INFO  RunnableClass:16 - main | 11
 17:59:12,967 INFO  RunnableClass:16 - Thread-1 | 24
 17:59:12,967 INFO  RunnableClass:16 - main | 12
 17:59:12,967 INFO  RunnableClass:16 - Thread-1 | 25
 17:59:12,967 INFO  RunnableClass:16 - main | 13
 17:59:12,967 INFO  RunnableClass:16 - Thread-1 | 26
 17:59:12,968 INFO  RunnableClass:16 - main | 14
 17:59:12,968 INFO  RunnableClass:16 - main | 15
 17:59:12,968 INFO  RunnableClass:16 - main | 16
 17:59:12,968 INFO  RunnableClass:16 - Thread-1 | 27
 17:59:12,969 INFO  RunnableClass:16 - Thread-1 | 28
 17:59:12,968 INFO  RunnableClass:16 - main | 17
 17:59:12,969 INFO  RunnableClass:16 - Thread-1 | 29
 17:59:12,969 INFO  RunnableClass:16 - main | 18
 17:59:12,970 INFO  RunnableClass:16 - main | 19
 17:59:12,970 INFO  RunnableClass:16 - main | 20
 17:59:12,970 INFO  RunnableClass:16 - main | 21
 17:59:12,971 INFO  RunnableClass:16 - main | 22
 17:59:12,971 INFO  RunnableClass:16 - main | 23
 17:59:12,971 INFO  RunnableClass:16 - main | 24
 17:59:12,972 INFO  RunnableClass:16 - main | 25
 17:59:12,972 INFO  RunnableClass:16 - main | 26
 17:59:12,973 INFO  RunnableClass:16 - main | 27
 17:59:12,973 INFO  RunnableClass:16 - main | 28
 17:59:12,974 INFO  RunnableClass:16 - main | 29
 17:59:12,974 INFO  RunnableClass:16 - main | 30
 17:59:12,974 INFO  RunnableClass:16 - main | 31
 17:59:12,974 INFO  RunnableClass:16 - main | 32
 17:59:12,975 INFO  RunnableClass:16 - main | 33
 17:59:12,975 INFO  RunnableClass:16 - main | 34
 17:59:12,975 INFO  RunnableClass:16 - main | 35
 17:59:12,975 INFO  RunnableClass:16 - main | 36
 17:59:12,976 INFO  RunnableClass:16 - main | 37
 17:59:12,976 INFO  RunnableClass:16 - main | 38
 17:59:12,976 INFO  RunnableClass:16 - main | 39
 17:59:12,976 INFO  RunnableClass:16 - main | 40
 17:59:12,976 INFO  RunnableClass:16 - main | 41
 17:59:12,977 INFO  RunnableClass:16 - main | 42
 17:59:12,977 INFO  RunnableClass:16 - main | 43
 17:59:12,977 INFO  RunnableClass:16 - main | 44
 17:59:12,977 INFO  RunnableClass:16 - main | 45
 17:59:12,978 INFO  RunnableClass:16 - main | 46
 17:59:12,978 INFO  RunnableClass:16 - main | 47
 17:59:12,978 INFO  RunnableClass:16 - main | 48
 17:59:12,978 INFO  RunnableClass:16 - main | 49
 17:59:12,979 INFO  RunnableClass:16 - main | 50
 17:59:12,979 INFO  RunnableClass:16 - main | 51
 17:59:12,969 INFO  RunnableClass:16 - Thread-1 | 30
 17:59:12,980 INFO  RunnableClass:16 - main | 52
 17:59:12,980 INFO  RunnableClass:16 - Thread-1 | 31
 17:59:12,980 INFO  RunnableClass:16 - main | 53
 17:59:12,980 INFO  RunnableClass:16 - Thread-1 | 32
 17:59:12,981 INFO  RunnableClass:16 - main | 54
 17:59:12,981 INFO  RunnableClass:16 - Thread-1 | 33
 17:59:12,981 INFO  RunnableClass:16 - Thread-1 | 34
 17:59:12,981 INFO  RunnableClass:16 - main | 55
 17:59:12,981 INFO  RunnableClass:16 - Thread-1 | 35
 17:59:12,981 INFO  RunnableClass:16 - main | 56
 17:59:12,982 INFO  RunnableClass:16 - Thread-1 | 36
 17:59:12,982 INFO  RunnableClass:16 - main | 57
 17:59:12,982 INFO  RunnableClass:16 - Thread-1 | 37
 17:59:12,982 INFO  RunnableClass:16 - main | 58
 17:59:12,982 INFO  RunnableClass:16 - Thread-1 | 38
 17:59:12,983 INFO  RunnableClass:16 - main | 59
 17:59:12,983 INFO  RunnableClass:16 - Thread-1 | 39
 17:59:12,983 INFO  RunnableClass:16 - main | 60
 17:59:12,983 INFO  RunnableClass:16 - Thread-1 | 40
 17:59:12,983 INFO  RunnableClass:16 - main | 61
 17:59:12,983 INFO  RunnableClass:16 - Thread-1 | 41
 17:59:12,984 INFO  RunnableClass:16 - main | 62
 17:59:12,984 INFO  RunnableClass:16 - Thread-1 | 42
 17:59:12,984 INFO  RunnableClass:16 - Thread-1 | 43
 17:59:12,984 INFO  RunnableClass:16 - main | 63
 17:59:12,984 INFO  RunnableClass:16 - Thread-1 | 44
 17:59:12,985 INFO  RunnableClass:16 - Thread-1 | 45
 17:59:12,985 INFO  RunnableClass:16 - main | 64
 17:59:12,985 INFO  RunnableClass:16 - Thread-1 | 46
 17:59:12,985 INFO  RunnableClass:16 - main | 65
 17:59:12,986 INFO  RunnableClass:16 - main | 66
 17:59:12,986 INFO  RunnableClass:16 - main | 67
 17:59:12,985 INFO  RunnableClass:16 - Thread-1 | 47
 17:59:12,986 INFO  RunnableClass:16 - Thread-1 | 48
 17:59:12,987 INFO  RunnableClass:16 - Thread-1 | 49
 17:59:12,988 INFO  RunnableClass:16 - Thread-1 | 50
 17:59:12,989 INFO  RunnableClass:16 - Thread-1 | 51
 17:59:12,989 INFO  RunnableClass:16 - Thread-1 | 52
 17:59:12,989 INFO  RunnableClass:16 - Thread-1 | 53
 17:59:12,990 INFO  RunnableClass:16 - Thread-1 | 54
 17:59:12,990 INFO  RunnableClass:16 - Thread-1 | 55
 17:59:12,991 INFO  RunnableClass:16 - Thread-1 | 56
 17:59:12,991 INFO  RunnableClass:16 - Thread-1 | 57
 17:59:12,992 INFO  RunnableClass:16 - Thread-1 | 58
 17:59:12,992 INFO  RunnableClass:16 - Thread-1 | 59
 17:59:12,993 INFO  RunnableClass:16 - Thread-1 | 60
 17:59:12,993 INFO  RunnableClass:16 - Thread-1 | 61
 17:59:12,993 INFO  RunnableClass:16 - Thread-1 | 62
 17:59:12,994 INFO  RunnableClass:16 - Thread-1 | 63
 17:59:12,994 INFO  RunnableClass:16 - Thread-1 | 64
 17:59:12,994 INFO  RunnableClass:16 - Thread-1 | 65
 17:59:12,995 INFO  RunnableClass:16 - Thread-1 | 66
 17:59:12,995 INFO  RunnableClass:16 - Thread-1 | 67
 17:59:12,986 INFO  RunnableClass:16 - main | 68
 17:59:12,995 INFO  RunnableClass:16 - Thread-1 | 68
 17:59:12,996 INFO  RunnableClass:16 - Thread-1 | 69
 17:59:12,995 INFO  RunnableClass:16 - main | 69
 17:59:12,996 INFO  RunnableClass:16 - Thread-1 | 70
 17:59:12,996 INFO  RunnableClass:16 - main | 70
 17:59:12,996 INFO  RunnableClass:16 - Thread-1 | 71
 17:59:12,996 INFO  RunnableClass:16 - main | 71
 17:59:12,997 INFO  RunnableClass:16 - main | 72
 17:59:12,997 INFO  RunnableClass:16 - main | 73
 17:59:12,997 INFO  RunnableClass:16 - main | 74
 17:59:12,997 INFO  RunnableClass:16 - main | 75
 17:59:12,997 INFO  RunnableClass:16 - main | 76
 17:59:12,996 INFO  RunnableClass:16 - Thread-1 | 72
 17:59:12,998 INFO  RunnableClass:16 - Thread-1 | 73
 17:59:12,998 INFO  RunnableClass:16 - main | 77
 17:59:12,998 INFO  RunnableClass:16 - Thread-1 | 74
 17:59:12,998 INFO  RunnableClass:16 - main | 78
 17:59:12,998 INFO  RunnableClass:16 - Thread-1 | 75
 17:59:12,998 INFO  RunnableClass:16 - main | 79
 17:59:12,999 INFO  RunnableClass:16 - Thread-1 | 76
 17:59:12,999 INFO  RunnableClass:16 - main | 80
 17:59:12,999 INFO  RunnableClass:16 - Thread-1 | 77
 17:59:12,999 INFO  RunnableClass:16 - Thread-1 | 78
 17:59:12,999 INFO  RunnableClass:16 - Thread-1 | 79
 17:59:13,000 INFO  RunnableClass:16 - Thread-1 | 80
 17:59:13,000 INFO  RunnableClass:16 - Thread-1 | 81
 17:59:13,000 INFO  RunnableClass:16 - Thread-1 | 82
 17:59:13,000 INFO  RunnableClass:16 - Thread-1 | 83
 17:59:13,000 INFO  RunnableClass:16 - Thread-1 | 84
 17:59:12,999 INFO  RunnableClass:16 - main | 81
 17:59:13,001 INFO  RunnableClass:16 - main | 82
 17:59:13,001 INFO  RunnableClass:16 - main | 83
 17:59:13,001 INFO  RunnableClass:16 - main | 84
 17:59:13,001 INFO  RunnableClass:16 - Thread-1 | 85
 17:59:13,002 INFO  RunnableClass:16 - main | 85
 17:59:13,002 INFO  RunnableClass:16 - Thread-1 | 86
 17:59:13,002 INFO  RunnableClass:16 - Thread-1 | 87
 17:59:13,002 INFO  RunnableClass:16 - main | 86
 17:59:13,002 INFO  RunnableClass:16 - Thread-1 | 88
 17:59:13,002 INFO  RunnableClass:16 - main | 87
 17:59:13,002 INFO  RunnableClass:16 - Thread-1 | 89
 17:59:13,003 INFO  RunnableClass:16 - Thread-1 | 90
 17:59:13,003 INFO  RunnableClass:16 - main | 88
 17:59:13,003 INFO  RunnableClass:16 - Thread-1 | 91
 17:59:13,003 INFO  RunnableClass:16 - main | 89
 17:59:13,003 INFO  RunnableClass:16 - Thread-1 | 92
 17:59:13,003 INFO  RunnableClass:16 - main | 90
 17:59:13,004 INFO  RunnableClass:16 - main | 91
 17:59:13,005 INFO  RunnableClass:16 - main | 92
 17:59:13,005 INFO  RunnableClass:16 - main | 93
 17:59:13,003 INFO  RunnableClass:16 - Thread-1 | 93
 17:59:13,005 INFO  RunnableClass:16 - Thread-1 | 94
 17:59:13,006 INFO  RunnableClass:16 - Thread-1 | 95
 17:59:13,006 INFO  RunnableClass:16 - Thread-1 | 96
 17:59:13,006 INFO  RunnableClass:16 - Thread-1 | 97
 17:59:13,006 INFO  RunnableClass:16 - Thread-1 | 98
 17:59:13,007 INFO  RunnableClass:16 - Thread-1 | 99
 17:59:13,007 INFO  RunnableClass:16 - Thread-1 | 100
 17:59:13,005 INFO  RunnableClass:16 - main | 94
 17:59:13,007 INFO  RunnableClass:16 - main | 95
 17:59:13,007 INFO  RunnableClass:16 - main | 96
 17:59:13,007 INFO  RunnableClass:18 - Thread-1 was finished
 17:59:13,007 INFO  RunnableClass:16 - main | 97
 17:59:13,008 INFO  RunnableClass:16 - main | 98
 17:59:13,008 INFO  RunnableClass:16 - main | 99
 17:59:13,008 INFO  RunnableClass:16 - main | 100
 17:59:13,008 INFO  RunnableClass:18 - main was finished
 